<?xml version="1.0" encoding="UTF-8"?>
<testng-results ignored="0" total="1" passed="1" failed="0" skipped="0">
  <reporter-output>
  </reporter-output>
  <suite started-at="2023-08-03T21:12:44 IST" name="Default suite" finished-at="2023-08-03T21:12:52 IST" duration-ms="8222">
    <groups>
    </groups>
    <test started-at="2023-08-03T21:12:44 IST" name="Default test" finished-at="2023-08-03T21:12:52 IST" duration-ms="8222">
      <class name="fullcreative.POSTRequest">
        <test-method signature="CreateRepository_request()[pri:1, instance:fullcreative.POSTRequest@152aa092]" started-at="2023-08-03T21:12:44 IST" name="CreateRepository_request" finished-at="2023-08-03T21:12:52 IST" duration-ms="8153" status="PASS">
          <reporter-output>
          </reporter-output>
        </test-method> <!-- CreateRepository_request -->
      </class> <!-- fullcreative.POSTRequest -->
    </test> <!-- Default test -->
  </suite> <!-- Default suite -->
</testng-results>
